\BOOKMARK [0][-]{chapter.1}{Introduction}{}% 1
\BOOKMARK [0][-]{chapter.2}{Global Requirements}{}% 2
\BOOKMARK [0][-]{chapter.3}{Overview of Software Repository}{}% 3
\BOOKMARK [1][-]{section.3.1}{Challenge Problems}{chapter.3}% 4
\BOOKMARK [1][-]{section.3.2}{Course Modules}{chapter.3}% 5
\BOOKMARK [1][-]{section.3.3}{Certified Libraries and Tools}{chapter.3}% 6
\BOOKMARK [0][-]{chapter.4}{Methodology}{}% 7
\BOOKMARK [0][-]{chapter.5}{Challenge Problems}{}% 8
\BOOKMARK [1][-]{section.5.1}{Schema Design}{chapter.5}% 9
\BOOKMARK [1][-]{section.5.2}{Implementation}{chapter.5}% 10
\BOOKMARK [2][-]{subsection.5.2.1}{Common Schema}{section.5.2}% 11
\BOOKMARK [2][-]{subsection.5.2.2}{Schema for Execution Environment}{section.5.2}% 12
\BOOKMARK [2][-]{subsection.5.2.3}{Challenge Problem Schema}{section.5.2}% 13
\BOOKMARK [1][-]{section.5.3}{Viewing Data in Browser}{chapter.5}% 14
\BOOKMARK [0][-]{chapter.6}{Course Modules}{}% 15
\BOOKMARK [1][-]{section.6.1}{Schema Design}{chapter.6}% 16
\BOOKMARK [1][-]{section.6.2}{Implementation}{chapter.6}% 17
\BOOKMARK [1][-]{section.6.3}{Viewing Data in Browser}{chapter.6}% 18
\BOOKMARK [0][-]{chapter.7}{Libraries and Tools}{}% 19
\BOOKMARK [1][-]{section.7.1}{Schema Design}{chapter.7}% 20
\BOOKMARK [2][-]{subsection.7.1.1}{Attributes Listing: Libraries}{section.7.1}% 21
\BOOKMARK [2][-]{subsection.7.1.2}{Attributes Listing: Tools}{section.7.1}% 22
\BOOKMARK [1][-]{section.7.2}{Implementation}{chapter.7}% 23
\BOOKMARK [2][-]{subsection.7.2.1}{Common Schema for Libraries and Tools}{section.7.2}% 24
\BOOKMARK [2][-]{subsection.7.2.2}{Schema for Libraries}{section.7.2}% 25
\BOOKMARK [2][-]{subsection.7.2.3}{Schema for Tools}{section.7.2}% 26
\BOOKMARK [0][-]{chapter.8}{Testing}{}% 27
\BOOKMARK [1][-]{section.8.1}{Test Cases}{chapter.8}% 28
\BOOKMARK [1][-]{section.8.2}{Case Study}{chapter.8}% 29
\BOOKMARK [0][-]{chapter.9}{Conclusion}{}% 30
\BOOKMARK [0][-]{appendix.A}{Attribute Listings}{}% 31
\BOOKMARK [0][-]{appendix.B}{Schema Implementations}{}% 32
